
chris_prog.o:     file format elf32-littleriscv


Disassembly of section .text:

00000000 <start>:
   0:	00000513          	li	a0,0
   4:	00400593          	li	a1,4
   8:	00800613          	li	a2,8
   c:	00c00693          	li	a3,12
  10:	0140006f          	j	24 <label>
  14:	40050533          	sub	a0,a0,zero
  18:	400585b3          	sub	a1,a1,zero
  1c:	40060633          	sub	a2,a2,zero
  20:	400686b3          	sub	a3,a3,zero

00000024 <label>:
  24:	01000713          	li	a4,16
  28:	00000013          	nop
  2c:	00000013          	nop
  30:	00000013          	nop
  34:	00000013          	nop
  38:	00000013          	nop

0000003c <end>:
  3c:	0000006f          	j	3c <end>
