
program_asm.o:     file format elf32-littleriscv


Disassembly of section .text:

00000000 <end-0x9c>:
   0:	684b6537          	lui	a0,0x684b6
   4:	36450513          	addi	a0,a0,868 # 684b6364 <end+0x684b62c8>
   8:	d91525b7          	lui	a1,0xd9152
   c:	14a58593          	addi	a1,a1,330 # d915214a <end+0xd91520ae>
  10:	38435637          	lui	a2,0x38435
  14:	e8f60613          	addi	a2,a2,-369 # 38434e8f <end+0x38434df3>
  18:	eee166b7          	lui	a3,0xeee16
  1c:	90f68693          	addi	a3,a3,-1777 # eee1590f <end+0xeee15873>
  20:	a34a7737          	lui	a4,0xa34a7
  24:	42b70713          	addi	a4,a4,1067 # a34a742b <end+0xa34a738f>
  28:	0f5f27b7          	lui	a5,0xf5f2
  2c:	75778793          	addi	a5,a5,1879 # f5f2757 <end+0xf5f26bb>
  30:	4485d837          	lui	a6,0x4485d
  34:	93780813          	addi	a6,a6,-1737 # 4485c937 <end+0x4485c89b>
  38:	53fc08b7          	lui	a7,0x53fc0
  3c:	91f88893          	addi	a7,a7,-1761 # 53fbf91f <end+0x53fbf883>
  40:	00f60b33          	add	s6,a2,a5
  44:	02f58bb3          	mul	s7,a1,a5
  48:	41060ab3          	sub	s5,a2,a6
  4c:	00c70b33          	add	s6,a4,a2
  50:	00a809b3          	add	s3,a6,a0
  54:	00f78cb3          	add	s9,a5,a5
  58:	00e67c33          	and	s8,a2,a4
  5c:	0117cd33          	xor	s10,a5,a7
  60:	0115c9b3          	xor	s3,a1,a7
  64:	02d50ab3          	mul	s5,a0,a3
  68:	00b70b33          	add	s6,a4,a1
  6c:	02a58433          	mul	s0,a1,a0
  70:	40a50933          	sub	s2,a0,a0
  74:	0118f9b3          	and	s3,a7,a7
  78:	41180433          	sub	s0,a6,a7
  7c:	0105cbb3          	xor	s7,a1,a6
  80:	00000013          	nop
  84:	00000013          	nop
  88:	00000013          	nop
  8c:	00000013          	nop
  90:	00000013          	nop
  94:	00000013          	nop
  98:	00000013          	nop

0000009c <end>:
  9c:	0000006f          	j	9c <end>
  a0:	00000013          	nop
  a4:	00000013          	nop
  a8:	00000013          	nop
