#  vlog *.sv
# Model Technology ModelSim - Intel FPGA Edition vlog 2020.1 Compiler 2020.02 Feb 28 2020
# Start time: 19:11:44 on Jan 28,2026
# vlog alu.sv data_memory.sv dff_async_reset.sv id_t.sv instruction_memory.sv pc.sv reg_file.sv riscv_cpu_v2.sv top_riscv_cpu_v2_1.sv uid.sv ustore.sv 
# -- Compiling module alu
# -- Compiling module data_memory
# -- Compiling module dff_async_reset
# -- Compiling module id_t
# -- Compiling module instruction_memory
# -- Compiling module pc
# -- Compiling module reg_file
# -- Compiling module riscv_cpu_v2
# -- Compiling module top_riscv_cpu_v2_1
# -- Compiling module UID__
# -- Compiling module US__
# 
# Top level modules:
# 	top_riscv_cpu_v2_1
# End time: 19:11:45 on Jan 28,2026, Elapsed time: 0:00:01
# Errors: 0, Warnings: 0
#  vsim -voptargs=+acc work.top_riscv_cpu_v2_1 
# vsim -voptargs="+acc" work.top_riscv_cpu_v2_1 
# Start time: 19:11:45 on Jan 28,2026
# Loading sv_std.std
# Loading work.top_riscv_cpu_v2_1
# Loading work.riscv_cpu_v2
# Loading work.pc
# Loading work.dff_async_reset
# Loading work.instruction_memory
# Loading work.UID__
# Loading work.US__
# Loading work.id_t
# Loading work.reg_file
# Loading work.alu
# Loading work.data_memory
#  run 10us
# Flags: 0 0 0 0 1 1
#  Success
#  Success
#  Success
#  Success
#  Success
#  Success
#  Success
#  Success
#  Success
#  Success
#  Success
#  Success
#  Success
#  Success
#  Success
#  Success
#  Success
#  Success
#  Success
#  Success
#  Success
#  Success
#  Success
#  Success
#  Success
#  Success
#  Success
#  Success
#  Success
#  Success
#  Success
#  Success
#  Success
#  Success
#  Success
#  Success
#  Success
#  Success
#  Success
#  Success
#  Success
#  Success
#  Success
#  Success
#  Success
#  Success
#  Success
#  Success
#  Success
#  Success
#  Success
#  Success
#  Success
#  Success
#  Success
#  Success
#  Success
#  Success
#  Success
#  Success
#  Success
#  Success
#  Success
#  Success
#  Success
#  Success
#  Success
#  Success
#  Success
#  Success
#  Success
#  Success
#  Success
#  Success
#  Success
#  Success
#  Success
#  Success
#  Success
#  Success
#  Success
#  Success
#  Success
#  Success
#  Success
#  Success
#  Success
#  Success
#  Success
#  Success
#  Success
#  Success
#  Success
#  Success
#  Success
#  Success
#  Success
#  Success
#  Success
#  Success
#  Success
#  Success
#  Success
#  Success
#  Success
#  Success
#  Success
#  Success
#  Success
#  Success
#  Success
#  Success
#  Success
#  Success
#  Success
#  Success
#  Success
#  Success
#  Success
#  Success
#  Success
#  Success
#  Success
#  Success
#  Success
#  Success
#  Success
#  Success
#  Success
#  Success
#  Success
#  Success
#  Success
#  Success
#  Success
#  Success
#  Success
#  Success
#  Success
#  Success
#  Success
#  Success
#  Success
#  Success
#  Success
#  Success
#  Success
#  Success
#  Success
#  Success
#  Success
#  Success
#  Success
#  Success
#  Success
#  Success
#  Success
#  Success
#  Success
#  Success
#  Success
#  Success
#  Success
#  Success
#  Success
#  Success
#  Success
#  Success
#  Success
#  Success
#  Success
#  Success
#  Success
#  Success
#  Success
#  Success
#  Success
#  Success
#  Success
#  Success
#  Success
#  Success
#  Success
#  Success
#  Success
#  Success
#  Success
#  Success
#  Success
#  Success
#  Success
#  Success
#  Success
#  Success
#  Success
#  Success
#  Success
#  Success
#  Success
#  Success
#  Success
#  Success
#  Success
#  Success
#  Success
#  Success
#  Success
#  Success
#  Success
#  Success
#  Success
#  Success
#  Success
#  Success
#  Success
#  Success
#  Success
#  Success
#  Success
#  Success
#  Success
#  Success
#  Success
#  Success
#  Success
#  Success
#  Success
#  Success
#  Success
#  Success
#  Success
#  Success
#  Success
#  Success
#  Success
#  Success
#  Success
#  Success
#  Success
#  Success
#  Success
#  Success
#  Success
#  quit -f
# End time: 19:11:46 on Jan 28,2026, Elapsed time: 0:00:01
# Errors: 0, Warnings: 0
